0 info it worked if it ends with ok
1 verbose cli [ '/home/ubuntu/.nvm/v0.10.35/bin/node',
1 verbose cli   '/home/ubuntu/.nvm/v0.10.35/bin/npm',
1 verbose cli   'install',
1 verbose cli   'node-ytdl-core' ]
2 info using npm@1.4.28
3 info using node@v0.10.35
4 warn package.json chat-example@0.0.0 No repository field.
5 verbose readDependencies using package.json deps
6 verbose cache add [ 'node-ytdl-core', null ]
7 verbose cache add name=undefined spec="node-ytdl-core" args=["node-ytdl-core",null]
8 verbose parsed url { protocol: null,
8 verbose parsed url   slashes: null,
8 verbose parsed url   auth: null,
8 verbose parsed url   host: null,
8 verbose parsed url   port: null,
8 verbose parsed url   hostname: null,
8 verbose parsed url   hash: null,
8 verbose parsed url   search: null,
8 verbose parsed url   query: null,
8 verbose parsed url   pathname: 'node-ytdl-core',
8 verbose parsed url   path: 'node-ytdl-core',
8 verbose parsed url   href: 'node-ytdl-core' }
9 silly lockFile 035bc88b-node-ytdl-core node-ytdl-core
10 verbose lock node-ytdl-core /home/ubuntu/.npm/035bc88b-node-ytdl-core.lock
11 silly lockFile 035bc88b-node-ytdl-core node-ytdl-core
12 silly lockFile 035bc88b-node-ytdl-core node-ytdl-core
13 verbose addNamed [ 'node-ytdl-core', '' ]
14 verbose addNamed [ null, '*' ]
15 silly lockFile 0306e14c-node-ytdl-core node-ytdl-core@
16 verbose lock node-ytdl-core@ /home/ubuntu/.npm/0306e14c-node-ytdl-core.lock
17 silly addNameRange { name: 'node-ytdl-core', range: '*', hasData: false }
18 verbose request where is /node-ytdl-core
19 verbose request registry https://registry.npmjs.org/
20 verbose request id bd51ee31e4413cc1
21 verbose url raw /node-ytdl-core
22 verbose url resolving [ 'https://registry.npmjs.org/', './node-ytdl-core' ]
23 verbose url resolved https://registry.npmjs.org/node-ytdl-core
24 verbose request where is https://registry.npmjs.org/node-ytdl-core
25 info trying registry request attempt 1 at 16:31:31
26 http GET https://registry.npmjs.org/node-ytdl-core
27 http 404 https://registry.npmjs.org/node-ytdl-core
28 verbose headers { date: 'Tue, 10 Feb 2015 16:31:31 GMT',
28 verbose headers   server: 'CouchDB/1.5.0 (Erlang OTP/R16B03)',
28 verbose headers   'content-type': 'application/json',
28 verbose headers   'cache-control': 'max-age=0',
28 verbose headers   'content-length': '52',
28 verbose headers   'accept-ranges': 'bytes',
28 verbose headers   via: '1.1 varnish',
28 verbose headers   age: '0',
28 verbose headers   'x-served-by': 'cache-lhr6320-LHR',
28 verbose headers   'x-cache': 'MISS',
28 verbose headers   'x-cache-hits': '0',
28 verbose headers   'x-timer': 'S1423585891.208455,VS0,VE655',
28 verbose headers   'keep-alive': 'timeout=10, max=50',
28 verbose headers   connection: 'Keep-Alive' }
29 silly registry.get cb [ 404,
29 silly registry.get   { date: 'Tue, 10 Feb 2015 16:31:31 GMT',
29 silly registry.get     server: 'CouchDB/1.5.0 (Erlang OTP/R16B03)',
29 silly registry.get     'content-type': 'application/json',
29 silly registry.get     'cache-control': 'max-age=0',
29 silly registry.get     'content-length': '52',
29 silly registry.get     'accept-ranges': 'bytes',
29 silly registry.get     via: '1.1 varnish',
29 silly registry.get     age: '0',
29 silly registry.get     'x-served-by': 'cache-lhr6320-LHR',
29 silly registry.get     'x-cache': 'MISS',
29 silly registry.get     'x-cache-hits': '0',
29 silly registry.get     'x-timer': 'S1423585891.208455,VS0,VE655',
29 silly registry.get     'keep-alive': 'timeout=10, max=50',
29 silly registry.get     connection: 'Keep-Alive' } ]
30 silly lockFile 0306e14c-node-ytdl-core node-ytdl-core@
31 silly lockFile 0306e14c-node-ytdl-core node-ytdl-core@
32 error 404 404 Not Found: node-ytdl-core
32 error 404
32 error 404 'node-ytdl-core' is not in the npm registry.
32 error 404 You should bug the author to publish it
32 error 404 It was specified as a dependency of 'chat-example'
32 error 404
32 error 404 Maybe try 'npm search ytdl core'
32 error 404
32 error 404 Note that you can also install from a
32 error 404 tarball, folder, or http url, or git url.
33 error System Linux 3.14.13-c9
34 error command "/home/ubuntu/.nvm/v0.10.35/bin/node" "/home/ubuntu/.nvm/v0.10.35/bin/npm" "install" "node-ytdl-core"
35 error cwd /home/ubuntu/workspace
36 error node -v v0.10.35
37 error npm -v 1.4.28
38 error code E404
39 verbose exit [ 1, true ]
